COMP 412, Lab3, Autograder
--------------------------

The Lab 3 autograder does not measure running time.
Use the autotimer instead.

Correcness and Effectiveness points are based on the
standard that 90% of the reference implementation receives
full credit.

... Gathering cycle counts from lab3_ref ...
 
================================================================

***	Tar archive has more than 5 levels of subdirectories.
	May indicate a poorly constructed archive.
Testing submission: sl163.tar

	Problem determining NAME and/or NETID
	Deduct -20% of total points

Name: missing, NetId: sl163.tar (*), Date from files:  2024-11-20
--- built executable; should be ready to run ---

File		Lab	Ref	Difference
------------------------------------------
T001k.i		506	506	0
report01.i	42	26	16
report02.i	25	25	0
report03.i	28	28	0
report04.i	54	37	17
report05.i	99	27	72
report06.i	141	47	94
report07.i	86	39	47
report08.i	22	16	6
report09.i	46	30	16
report10.i	91	41	50
report11.i	91	31	60
report12.i	32	23	9
report13.i	35	29	6
report14.i	26	22	4
report15.i	70	26	44
report16.i	98	58	40
report17.i	28	23	5
report18.i	33	25	8
report19.i	39	41	-2
report20.i	78	24	54
report21.i	78	74	4
report22.i	55	54	1
report23.i	78	71	7


	Correctness points:   40.0 / 40	
	Effectiveness points: 21.56 / 30
	Lab loses 10 points for conformance problems

================================================================

Grading run complete
