CodeCheck2 on './412alloc' for user sl163
Using '/tmp/sl163-code-check-2' for temporary storage
Run on 10-22-24 at 21:30:19 on host zorite.clear.rice.edu
Changing directory to '.'.

Testing 'cc1.i'
	k = 5	 correct in 31 cycles
	k = 7	 correct in 21 cycles

Testing 'cc2.i'
	k = 5	 correct in 89 cycles
	k = 7	 correct in 69 cycles

Testing 'cc3.i'
	k = 5	 correct in 87 cycles
	k = 7	 correct in 65 cycles

Testing 'cc4.i'
	k = 5	 correct in 6204 cycles
	k = 7	 correct in 5544 cycles

Testing 'cc5.i'
	k = 5	 correct in 252 cycles
	k = 7	 correct in 228 cycles

Removing /tmp/sl163-code-check-2

Code Check 2 script exits normally.